Virtuoso Framework License (111) was checked out successfully. Total checkout time was 0.10s.

Running simulation in directory: "/home/ecegrid/a/559mg16/In-Memory-Computing-Project_1204/In-Memory-Computing-Project/LVS".

INFO (TECH-150003): The technology database "NCSU_TechLib_tsmc02d" has been automatically
updated from revision 226610(DM 0) to revision 227612(DM 3) in virtual memory.


Begin netlist:    Dec  4 18:24:42 2021
	view name list	= ("auLvs" "extracted" "schematic")
	stop name list	= ("auLvs")
	library name	= "Project"
	cell name	= "sense_amp_layout_lvs_L"
	view name	= "extracted"
	globals lib	= "basic"
Running Artist Flat Netlisting ...
Loading hnlInit.cxt 
*WARNING* Parameter 'lxUseCell' already exists.
End netlist:    Dec  4 18:24:43 2021

Moving original netlist to extNetlist
Removing parasitic components from netlist
	presistors removed:  0
	pcapacitors removed: 16
	pinductors removed:  0
	pdiodes removed:     0
	trans lines removed: 0
	5 nodes merged into 5 nodes


Begin netlist:    Dec  4 18:24:43 2021
	view name list	= ("auLvs" "schematic")
	stop name list	= ("auLvs")
	library name	= "Project"
	cell name	= "sense_amp_schematic"
	view name	= "schematic"
	globals lib	= "basic"
Running Artist Flat Netlisting ...
End netlist:    Dec  4 18:24:44 2021

Moving original netlist to extNetlist
Removing parasitic components from netlist
	presistors removed:  0
	pcapacitors removed: 0
	pinductors removed:  0
	pdiodes removed:     0
	trans lines removed: 0
	5 nodes merged into 5 nodes

Running netlist comparison program:  LVS
Begin comparison:    Dec  4 18:24:44 2021
@(#)$CDS: LVS version 6.1.8-64b 06/29/2021 19:05 (sjfhw316) $

The net-lists match.

                             layout  schematic
                                instances
        un-matched              0       0      
        rewired                 0       0      
        size errors             0       0      
        pruned                  0       0      
        active                  4       4      
        total                   4       4      

                                  nets
        un-matched              0       0      
        merged                  0       0      
        pruned                  0       0      
        active                  5       5      
        total                   5       5      

                                terminals
        un-matched              0       0      
        matched but
        different type          3       3      
        total                   5       5      
End comparison:      Dec  4 18:24:45 2021


Comparison program completed successfully.
