\o Program:		@(#)$CDS: libManager version 6.1.8 - CAT37 06/02/2021 23:23 (sjfdcl1073) $
\o Sub version:		sub-version  s195 
\o Arguments:		-mpssession virtuoso30563 -mpshost cparch25.ecn.purdue.edu 
\o Working Directory:	cparch25.ecn.purdue.edu:/home/ecegrid/a/559mg16/In-Memory-Computing-Project_1208/In-Memory-Computing-Project
\o 64-bit offsets
\o Qt version: 		5.9.1
\o Log file is "/home/ecegrid/a/559mg16/In-Memory-Computing-Project_1208/In-Memory-Computing-Project/libManager.log".
\o Opening libManager window.
\a nrSetCurrentWindow(cdsLibManager)
\o Loading customization file "/package/eda/cells/ncsu-cdk-1.6.0.beta/cdssetup/cdsLibMgr.il"
\o Loading NCSU Library Manager customizations...done.
\a cdsLibManager->cellComboFilter->value = "INV"
\a cdsLibManager->cellComboFilter->value = ""
\a nrResizeWindow(cdsLibManager list(253 128 1440 723))
\o changeWorkingDir("/home/ecegrid/a/559mg16/In-Memory-Computing-Project_1208/In-Memory-Computing-Project") unnecessary.
\o ddSetForcedLib("") unnecessary.
\o MPS service: map window
\o Library Manager customization server connected.
\a cdsLibManager->libListBox->value = "Project"
\a cdsLibManager->libLineEdit->value = "Project"
\a nrSetCurrentWindow(cdsLibManager)
\a cdsLibManager->libListBox->value = "Decoder"
\a cdsLibManager->libLineEdit->value = "Decoder"
\a cdsLibManager->libListBox->value = nil
\a cdsLibManager->libLineEdit->value = ""
\a cdsLibManager->libListBox->value = "Decoder"
\a cdsLibManager->libLineEdit->value = "Decoder"
\a cdsLibManager->libListBox->value = nil
\a cdsLibManager->libLineEdit->value = ""
\a cdsLibManager->libListBox->value = "Decoder"
\a cdsLibManager->libLineEdit->value = "Decoder"
\a cdsLibManager->libListBox->value = nil
\a cdsLibManager->libLineEdit->value = ""
\a cdsLibManager->libListBox->value = "Decoder"
\a cdsLibManager->libLineEdit->value = "Decoder"
\a nrSetCurrentWindow(cdsLibManager)
\a cdsLibManager->libListBox->value = "Project"
\a cdsLibManager->libLineEdit->value = "Project"
\a cdsLibManager->libListBox->value = "Decoder"
\a cdsLibManager->libLineEdit->value = "Decoder"
\a cdsLibManager->cellListBox->value = "decoder"
\a cdsLibManager->cellLineEdit->value = "decoder"
\a cdsLibManager->viewListBox->value = "layout"
\a cdsLibManager->viewLineEdit->value = "layout"
\o MPS request: edit design
\a nrListItemAction(cdsLibManager->gdmXTView 0 0)
\a nrSetCurrentWindow(cdsLibManager)
\a nrSetCurrentWindow(cdsLibManager)
\a nrSetCurrentWindow(cdsLibManager)
\a nrSetWindowVisibility(cdsLibManager "hide")
\a nrSetWindowVisibility(cdsLibManager "show")
\a nrSetCurrentWindow(cdsLibManager)
\a cdsLibManager->cellListBox->value = "AND2X2"
\a cdsLibManager->cellLineEdit->value = "AND2X2"
\a cdsLibManager->viewLineEdit->value = ""
\a cdsLibManager->viewListBox->value = nil
\a cdsLibManager->viewListBox->value = "layout"
\a cdsLibManager->viewLineEdit->value = "layout"
\a cdsLibManager->cellListBox->value = "decoder"
\a cdsLibManager->cellLineEdit->value = "decoder"
\a cdsLibManager->viewLineEdit->value = ""
\a cdsLibManager->viewListBox->value = nil
\a cdsLibManager->viewListBox->value = "layout"
\a cdsLibManager->viewLineEdit->value = "layout"
\a cdsLibManager->cellListBox->value = "AND2X2"
\a cdsLibManager->cellLineEdit->value = "AND2X2"
\a cdsLibManager->viewLineEdit->value = ""
\a cdsLibManager->viewListBox->value = nil
\a cdsLibManager->viewListBox->value = "layout"
\a cdsLibManager->viewLineEdit->value = "layout"
\a cdsLibManager->cellListBox->value = "decoder"
\a cdsLibManager->cellLineEdit->value = "decoder"
\a cdsLibManager->viewLineEdit->value = ""
\a cdsLibManager->viewListBox->value = nil
\a cdsLibManager->viewListBox->value = "layout"
\a cdsLibManager->viewLineEdit->value = "layout"
\a nrSetCurrentWindow(cdsLibManager)
\a cdsLibManager->viewListBox->value = "layout_ports"
\a cdsLibManager->viewLineEdit->value = "layout_ports"
\o MPS request: edit design
\a nrListItemAction(cdsLibManager->gdmXTView 1 0)
\a cdsLibManager->libListBox->value = nil
\a cdsLibManager->libLineEdit->value = ""
\a cdsLibManager->cellListBox->value = nil
\a cdsLibManager->viewLineEdit->value = ""
\a cdsLibManager->viewListBox->value = nil
\a cdsLibManager->cellLineEdit->value = ""
\a cdsLibManager->libListBox->value = "Decoder"
\a cdsLibManager->libLineEdit->value = "Decoder"
\a cdsLibManager->cellListBox->value = "decoder"
\a cdsLibManager->cellLineEdit->value = "decoder"
\a cdsLibManager->viewListBox->value = "layout_ports"
\a cdsLibManager->viewLineEdit->value = "layout_ports"
\a cdsLibManager->viewLineEdit->value = ""
\a cdsLibManager->viewListBox->value = nil
\a cdsLibManager->viewListBox->value = "layout_ports"
\a cdsLibManager->viewLineEdit->value = "layout_ports"
\a nrSetCurrentWindow(cdsLibManager)
\a cdsLibManager->libListBox->value = "Project"
\a cdsLibManager->libLineEdit->value = "Project"
\a cdsLibManager->cellLineEdit->value = ""
\a cdsLibManager->cellListBox->value = nil
\a cdsLibManager->viewLineEdit->value = ""
\a cdsLibManager->viewListBox->value = nil
\a cdsLibManager->cellListBox->value = "sram_array_layout_best_128x16_Instance_Senseamp_decoder"
\a cdsLibManager->cellLineEdit->value = "sram_array_layout_best_128x16_Instance_Senseamp_decoder"
\a cdsLibManager->viewListBox->value = "layout"
\a cdsLibManager->viewLineEdit->value = "layout"
\o MPS request: edit design
\a nrListItemAction(cdsLibManager->gdmXTView 0 0)
\a cdsLibManager->libListBox->value = nil
\a cdsLibManager->libLineEdit->value = ""
\a cdsLibManager->cellListBox->value = nil
\a cdsLibManager->viewLineEdit->value = ""
\a cdsLibManager->viewListBox->value = nil
\a cdsLibManager->cellLineEdit->value = ""
\a cdsLibManager->libListBox->value = "Project"
\a cdsLibManager->libLineEdit->value = "Project"
\a cdsLibManager->cellListBox->value = "sram_array_layout_best_128x16_Instance_Senseamp_decoder"
\a cdsLibManager->cellLineEdit->value = "sram_array_layout_best_128x16_Instance_Senseamp_decoder"
\a cdsLibManager->viewListBox->value = "layout"
\a cdsLibManager->viewLineEdit->value = "layout"
\a cdsLibManager->viewLineEdit->value = ""
\a cdsLibManager->viewListBox->value = nil
\a cdsLibManager->viewListBox->value = "layout"
\a cdsLibManager->viewLineEdit->value = "layout"
\a nrSetCurrentWindow(cdsLibManager)
\a cdsLibManager->cellListBox->value = "sram_array_layout_best_128x16_Instance_Senseamp_Backup"
\a cdsLibManager->cellLineEdit->value = "sram_array_layout_best_128x16_Instance_Senseamp_Backup"
\a cdsLibManager->viewLineEdit->value = ""
\a cdsLibManager->viewListBox->value = nil
\a cdsLibManager->viewListBox->value = "layout"
\a cdsLibManager->viewLineEdit->value = "layout"
\a cdsLibManager->cellListBox->value = "sram_array_layout_best_128x16_Instance_Senseamp"
\a cdsLibManager->cellLineEdit->value = "sram_array_layout_best_128x16_Instance_Senseamp"
\a cdsLibManager->viewLineEdit->value = ""
\a cdsLibManager->viewListBox->value = nil
\a cdsLibManager->viewListBox->value = "layout"
\a cdsLibManager->viewLineEdit->value = "layout"
\a cdsLibManager->viewListBox->value = nil
\a cdsLibManager->viewLineEdit->value = ""
\a cdsLibManager->viewListBox->value = "layout"
\a cdsLibManager->viewLineEdit->value = "layout"
\o MPS request: edit design
\a nrListItemAction(cdsLibManager->gdmXTView 1 0)
\a nrSetCurrentWindow(cdsLibManager)
\a cdsLibManager->cellLineEdit->value = ""
\a cdsLibManager->cellListBox->value = nil
\a cdsLibManager->viewLineEdit->value = ""
\a cdsLibManager->viewListBox->value = nil
\a cdsLibManager->cellListBox->value = "sram_array_layout_best_128x16_Instance_Senseamp"
\a cdsLibManager->cellLineEdit->value = "sram_array_layout_best_128x16_Instance_Senseamp"
\a cdsLibManager->viewListBox->value = "layout"
\a cdsLibManager->viewLineEdit->value = "layout"
\a cdsLibManager->cellListBox->value = "sram_array_layout_best_128x16_Instance_Senseamp_decoder"
\a cdsLibManager->cellLineEdit->value = "sram_array_layout_best_128x16_Instance_Senseamp_decoder"
\a cdsLibManager->viewLineEdit->value = ""
\a cdsLibManager->viewListBox->value = nil
\a cdsLibManager->viewListBox->value = "layout"
\a cdsLibManager->viewLineEdit->value = "layout"
\a cdsLibManager->viewListBox->value = nil
\a cdsLibManager->viewLineEdit->value = ""
\a cdsLibManager->viewListBox->value = "layout"
\a cdsLibManager->viewLineEdit->value = "layout"
\o MPS request: edit design
\a nrListItemAction(cdsLibManager->gdmXTView 0 0)
\a nrSetCurrentWindow(cdsLibManager)
\a cdsLibManager->libListBox->value = "Decoder"
\a cdsLibManager->libLineEdit->value = "Decoder"
\a cdsLibManager->cellLineEdit->value = ""
\a cdsLibManager->cellListBox->value = nil
\a cdsLibManager->viewLineEdit->value = ""
\a cdsLibManager->viewListBox->value = nil
\a cdsLibManager->cellListBox->value = "decoder"
\a cdsLibManager->cellLineEdit->value = "decoder"
\a cdsLibManager->viewListBox->value = "layout"
\a cdsLibManager->viewLineEdit->value = "layout"
\a cdsLibManager->viewListBox->value = nil
\a cdsLibManager->viewLineEdit->value = ""
\a cdsLibManager->viewListBox->value = "layout"
\a cdsLibManager->viewLineEdit->value = "layout"
\o MPS request: edit design
\a nrListItemAction(cdsLibManager->gdmXTView 0 0)
\a nrSetCurrentWindow(cdsLibManager)
\a cdsLibManager->libListBox->value = "Project"
\a cdsLibManager->libLineEdit->value = "Project"
\a cdsLibManager->cellLineEdit->value = ""
\a cdsLibManager->cellListBox->value = nil
\a cdsLibManager->viewLineEdit->value = ""
\a cdsLibManager->viewListBox->value = nil
\a cdsLibManager->cellListBox->value = "sram_array_layout_best_128x16_Instance_Senseamp"
\a cdsLibManager->cellLineEdit->value = "sram_array_layout_best_128x16_Instance_Senseamp"
\a cdsLibManager->viewListBox->value = "layout"
\a cdsLibManager->viewLineEdit->value = "layout"
\a cdsLibManager->viewListBox->value = nil
\a cdsLibManager->viewLineEdit->value = ""
\a cdsLibManager->viewListBox->value = "layout"
\a cdsLibManager->viewLineEdit->value = "layout"
\o MPS request: edit design
\a nrListItemAction(cdsLibManager->gdmXTView 1 0)
\a nrSetCurrentWindow(cdsLibManager)
\a nrSetCurrentWindow(cdsLibManager)
\a nrSetWindowVisibility(cdsLibManager "hide")
\a cdsLibManager->libListBox->value = nil
\a cdsLibManager->libLineEdit->value = ""
\a cdsLibManager->cellListBox->value = nil
\a cdsLibManager->viewLineEdit->value = ""
\a cdsLibManager->viewListBox->value = nil
\a cdsLibManager->cellLineEdit->value = ""
\a cdsLibManager->libListBox->value = "Project"
\a cdsLibManager->libLineEdit->value = "Project"
\a cdsLibManager->cellListBox->value = "sram_array_layout_best_128x16_Instance_Senseamp"
\a cdsLibManager->cellLineEdit->value = "sram_array_layout_best_128x16_Instance_Senseamp"
\a cdsLibManager->viewListBox->value = "layout"
\a cdsLibManager->viewLineEdit->value = "layout"
\a cdsLibManager->viewLineEdit->value = ""
\a cdsLibManager->viewListBox->value = nil
\a cdsLibManager->viewListBox->value = "layout"
\a cdsLibManager->viewLineEdit->value = "layout"
\a nrSetWindowVisibility(cdsLibManager "show")
\a nrSetCurrentWindow(cdsLibManager)
\a nrSetWindowVisibility(cdsLibManager "hide")
\a cdsLibManager->libListBox->value = nil
\a cdsLibManager->libLineEdit->value = ""
\a cdsLibManager->cellListBox->value = nil
\a cdsLibManager->viewLineEdit->value = ""
\a cdsLibManager->viewListBox->value = nil
\a cdsLibManager->cellLineEdit->value = ""
\a cdsLibManager->libListBox->value = "Project"
\a cdsLibManager->libLineEdit->value = "Project"
\a cdsLibManager->cellListBox->value = "sram_array_layout_best_128x16_Instance_Senseamp"
\a cdsLibManager->cellLineEdit->value = "sram_array_layout_best_128x16_Instance_Senseamp"
\a cdsLibManager->viewListBox->value = "layout"
\a cdsLibManager->viewLineEdit->value = "layout"
\a cdsLibManager->viewLineEdit->value = ""
\a cdsLibManager->viewListBox->value = nil
\a cdsLibManager->viewListBox->value = "layout"
\a cdsLibManager->viewLineEdit->value = "layout"
\a cdsLibManager->libListBox->value = nil
\a cdsLibManager->libLineEdit->value = ""
\a cdsLibManager->cellListBox->value = nil
\a cdsLibManager->viewLineEdit->value = ""
\a cdsLibManager->viewListBox->value = nil
\a cdsLibManager->cellLineEdit->value = ""
\a cdsLibManager->libListBox->value = "Project"
\a cdsLibManager->libLineEdit->value = "Project"
\a cdsLibManager->cellListBox->value = "sram_array_layout_best_128x16_Instance_Senseamp"
\a cdsLibManager->cellLineEdit->value = "sram_array_layout_best_128x16_Instance_Senseamp"
\a cdsLibManager->viewListBox->value = "layout"
\a cdsLibManager->viewLineEdit->value = "layout"
\a cdsLibManager->viewLineEdit->value = ""
\a cdsLibManager->viewListBox->value = nil
\a cdsLibManager->viewListBox->value = "layout"
\a cdsLibManager->viewLineEdit->value = "layout"
\o MPS service: shutdown
\o libManager is exiting.
\a exit(0)
