\# Program start time:     UTC 2021.11.15 17:55:30.224
\# Local time: EST (UTC-05:00) 2021.11.15 12:55:30.224
\o Program:		@(#)$CDS: virtuoso version 6.1.8-64b 06/29/2021 19:20 (sjfhw316) $
\o Hierarchy:		/package/eda/cadence/IC618/tools.lnx86/dfII/
\o Sub version:		sub-version  IC6.1.8-64b.500.19  (64-bit addresses)
\# Command line:	/package/eda/cadence/IC618/tools.lnx86/dfII/bin/64bit/virtuoso -noautostart -mpssession virtuoso20489 -mpshost ecegrid-thin5.ecn.purdue.edu -davinciService DaVinciService_20489_1636998906 -log /home/ecegrid/a/559mg24/In-Memory-Computing-Project/logs_559mg24/logs0/Job0.log -licenseLockFileName /home/ecegrid/a/559mg24/In-Memory-Computing-Project/.tmp_559mg24/.ecegrid-thin5.ecn.purdue.edu_20489 -interactiveA -interactiveE -interactiveRTT -nostdin -nographE -axlChildIdFlag 0
\# Host name (type):	ecegrid-thin5.ecn.purdue.edu (x86_64)
\# Operating system:	Linux 3.10.0-1160.42.2.el7.x86_64 #1 SMP Tue Sep 7 14:49:57 UTC 2021
\# Linux /etc/issue:	\S
\# Linux /etc/issue:	Kernel \r on an \m
\# X display name (WxH):	:7061 (1024x868)
\# Available geometry:			TL(0:0) BR(1023:867)
\# X server:			The X.Org Foundation
\# Depth of Visual (Root):	24 (24)
\# Number of Planes Used:	24
\# X version:		11.0 (vendor release 12004000)
\# X resource pool:	base 0x400000, mask 0x1fffff (2097151), shift 0
\# 			current id 0x0, current max 0x1ffffa (2097146)
\# Max data seg size:	     unlimited
\# Max process size:	     unlimited
\# Initial sbrk value:	        560 MB
\# Available memory:	     59,080 MB
\# System memory:	    136,914 MB
\# Maximum memory size:	    136,632 MB
\# Max mem available:	     59,357 MB
\# Initial memory used:	        278 MB
\#        process size:	      1,721 MB
\# Thread usage limits (effective/default):	maxthreads 4096/4096 maxload 48.00/48.00
\# Qt version:		5.9.1
\# Window Manager:	other
\# User Name:		559mg24
\o Working Directory:	ecegrid-thin5.ecn.purdue.edu:/home/ecegrid/a/559mg24/In-Memory-Computing-Project
\# Process Id:		24345
\o 
\o COPYRIGHT (C) 1992-2021  CADENCE DESIGN SYSTEMS INC.  ALL RIGHTS RESERVED.
\o           (C) 1992-2021  UNIX SYSTEMS Laboratories INC.,
\o                          Reproduced with permission.
\o 
\o This Cadence Design Systems program and online documentation are
\o proprietary/confidential information and may be disclosed/used only
\o as authorized in a license agreement controlling such use and disclosure.
\o 
\o           RESTRICTED RIGHTS NOTICE (SHORT FORM)
\o Use/reproduction/disclosure is subject to restriction
\o set forth at FAR 1252.227-19 or its equivalent.
\o Loading geView.cxt 
\o Loading menuBuilder.cxt 
\o Loading schView.cxt 
\o Loading selectSv.cxt 
\o Loading wireEdit.cxt 
\o Loading pte2.cxt 
\o Loading xlUI.cxt 
\o Loading auCore.cxt 
\o Loading vhdl.cxt 
\o Loading seismic.cxt 
\o Loading ci.cxt 
\o Loading ams.cxt 
\o Loading oasis.cxt 
\o Loading analog.cxt 
\o Loading asimenv.cxt 
\o Loading dal.cxt 
\o Loading awv.cxt 
\o Loading socket.cxt 
\o Loading par.cxt 
\o Loading alvs.cxt 
\o Loading caa.cxt 
\o Loading amps.cxt 
\o Loading adexlCore.cxt 
\# Memory report: using         382 MB, process size 1,942 MB at UTC 2021.11.15 17:55:32.102
\o Loading adexl.cxt 
\o *Info*    Exporting services from client ... 
\o 
\o Loading adexlDM.cxt 
\o Loading cpf.cxt 
\o Loading cli.cxt 
\o Loading lp.cxt 
\o INFO (ELI-00302) Connecting to parent process (session=virtuoso20489, host=ecegrid-thin5.ecn.purdue.edu). Connection mode is ICRP. Total timeout is 180 seconds. Connection timeout is 90 seconds.
\o INFO (ELI-00303) Step 1: Connecting to parent. Time spent is 0 seconds.
\o INFO (ELI-00304) The registration of the child 24345 within 90 seconds is being processed...
\o INFO (ELI-00305) The result of registration is true. Time spent is 0 seconds.
\o INFO (ELI-00308) The connection has ended. Result is true. Total time spent is 0 seconds.
\# [12:55:30.032643] Configured Lic search path (20.02-p002): 1720@marina.ecn.purdue.edu:1718@marina.ecn.purdue.edu:1710@marina.ecn.purdue.edu
\o Loading NCSU CDK 1.5.1 customizations...
\o loading vars from /package/eda/cells/ncsu-cdk-1.6.0.beta/cdssetup/cdsenv for tool adle
\o loading vars from /package/eda/cells/ncsu-cdk-1.6.0.beta/cdssetup/cdsenv for tool asimenv
\o loading vars from /package/eda/cells/ncsu-cdk-1.6.0.beta/cdssetup/cdsenv for tool ddserv
\o loading vars from /package/eda/cells/ncsu-cdk-1.6.0.beta/cdssetup/cdsenv for tool layout
\o loading vars from /package/eda/cells/ncsu-cdk-1.6.0.beta/cdssetup/cdsenv for tool schematic
\o loading vars from /package/eda/cells/ncsu-cdk-1.6.0.beta/cdssetup/cdsenv for tool ui
\o loading vars from ~/.cdsenv for tool license
\o loading vars from ~/.cdsenv for tool adle
\o loading vars from ~/.cdsenv for tool asimenv
\o loading vars from ~/.cdsenv for tool ddserv
\o loading vars from ~/.cdsenv for tool layout
\o loading vars from ~/.cdsenv for tool schematic
\o loading vars from ~/.cdsenv for tool ui
\o Loading NCSU SKILL routines...
\w *WARNING* (def): redefining function cd from a lambda to be a nlambda
\w *WARNING* (def): redefining function ls from a lambda to be a nlambda
\o function pwd redefined
\o Done loading NCSU_CDK customizations.
\o *Info*    Client has finished starting ... 
\o 
\o Loading vdsil.cxt 
\p > 
\a _treeSetOpcGUI(t)
\# [12:55:34.113537] Periodic Lic check successful
\# [12:55:34.113539] Feature usage summary:
\r t
\# Available memory:         58,940 MB at UTC 2021.11.15 17:55:41.177
\# Memory report: Maximum memory size now 59,445 MB at UTC 2021.11.15 17:55:41.177
\# Thread usage report: 53 active threads, active load 1.40 at UTC 2021.11.15 17:55:41.177
\# Memory report: using         505 MB, process size 2,073 MB at UTC 2021.11.15 17:55:41.177
\o 
\o *Info*    Received signal SIGTERM.
\o 
\o 
\o Loading simui.cxt 
\# Lic Summary:
\# [12:56:33.392994] Cdslmd servers:1720@marina.ecn.purdue.edu:1718@marina.ecn.purdue.edu:1710@marina.ecn.purdue.edu
\# [12:56:33.393051] Feature usage summary:
\# Memory report: on exit            509 MB, process size 2,077 MB at UTC 2021.11.15 17:56:33.917
\# Memory report: peak usage         509 MB, process size 2,077 MB
\e IO Error 2 (No such file or directory) during exit at UTC 2021.11.15 17:56:33.919
\e Aborting due to fatal X IO error.
