si: simSetDef().... simInstViewListTable is initialized to "nil".
si: simSetDef().... simInstStopListTable is initialized to "nil".
si: simSetDef().... applyDeviceFixing is initialized to "nil".
si: simSetDef().... lvsNetlistLayout is already set to t. Redefinition to nil is
ignored.
si: simSetDef().... lvsNetlistSchematic is already set to t. Redefinition to nil
is ignored.
si: simSetDef().... correspondenceFile is already set to
"/home/ecegrid/a/559mg16/In-Memory-Computing-Project_1116/Project/lvs_corr_file". Redefinition to nil is ignored.
si: simSetDef().... createXref is initialized to "nil".
si: simSetDef().... disableLikeMatch is initialized to "nil".
si: simSetDef().... disableRewire is initialized to "nil".
si: simSetDef().... useFileCorrespondence is initialized to "nil".
si: simSetDef().... useLastBinaryXrefTable is initialized to "nil".
si: simSetDef().... useTerminalCorrespondence is already set to t. Redefinition
to nil is ignored.
si: simSetDef().... lvsRulesFilePath is already set to "divaLVS.rul".
Redefinition to "" is ignored.
si: simSetDef().... lvsRulesLibName is already set to "NCSU_TechLib_tsmc02d".
Redefinition to "" is ignored.
si: simSetDef().... lvsRulesFromLib is already set to t. Redefinition to nil is
ignored.
si: simSetDef().... simInstViewListTable is initialized to "nil".
si: simSetDef().... simInstStopListTable is initialized to "nil".
si: simSetDef().... applyDeviceFixing is initialized to "nil".
si: simSetDef().... lvsNetlistLayout is already set to t. Redefinition to nil is
ignored.
si: simSetDef().... lvsNetlistSchematic is already set to t. Redefinition to nil
is ignored.
si: simSetDef().... correspondenceFile is already set to
"/home/ecegrid/a/559mg16/In-Memory-Computing-Project_1116/Project/lvs_corr_file". Redefinition to nil is ignored.
si: simSetDef().... createXref is initialized to "nil".
si: simSetDef().... disableLikeMatch is initialized to "nil".
si: simSetDef().... disableRewire is initialized to "nil".
si: simSetDef().... useFileCorrespondence is initialized to "nil".
si: simSetDef().... useLastBinaryXrefTable is initialized to "nil".
si: simSetDef().... useTerminalCorrespondence is already set to t. Redefinition
to nil is ignored.
si: simSetDef().... lvsRulesFilePath is already set to "divaLVS.rul".
Redefinition to "" is ignored.
si: simSetDef().... lvsRulesLibName is already set to "NCSU_TechLib_tsmc02d".
Redefinition to "" is ignored.
si: simSetDef().... lvsRulesFromLib is already set to t. Redefinition to nil is
ignored.
si: simSetDef().... simInstViewListTable is initialized to "nil".
si: simSetDef().... simInstStopListTable is initialized to "nil".
si: simSetDef().... applyDeviceFixing is initialized to "nil".
si: simSetDef().... lvsNetlistLayout is already set to t. Redefinition to nil is
ignored.
si: simSetDef().... lvsNetlistSchematic is already set to t. Redefinition to nil
is ignored.
si: simSetDef().... correspondenceFile is already set to
"/home/ecegrid/a/559mg16/In-Memory-Computing-Project_1116/Project/lvs_corr_file". Redefinition to nil is ignored.
si: simSetDef().... createXref is initialized to "nil".
si: simSetDef().... disableLikeMatch is initialized to "nil".
si: simSetDef().... disableRewire is initialized to "nil".
si: simSetDef().... useFileCorrespondence is initialized to "nil".
si: simSetDef().... useLastBinaryXrefTable is initialized to "nil".
si: simSetDef().... useTerminalCorrespondence is already set to t. Redefinition
to nil is ignored.
si: simSetDef().... lvsRulesFilePath is already set to "divaLVS.rul".
Redefinition to "" is ignored.
si: simSetDef().... lvsRulesLibName is already set to "NCSU_TechLib_tsmc02d".
Redefinition to "" is ignored.
si: simSetDef().... lvsRulesFromLib is already set to t. Redefinition to nil is
ignored.
si: simSetDef().... simInstViewListTable is initialized to "nil".
si: simSetDef().... simInstStopListTable is initialized to "nil".
si: simSetDef().... applyDeviceFixing is initialized to "nil".
si: simSetDef().... lvsNetlistLayout is already set to t. Redefinition to nil is
ignored.
si: simSetDef().... lvsNetlistSchematic is already set to t. Redefinition to nil
is ignored.
si: simSetDef().... correspondenceFile is already set to
"/home/ecegrid/a/559mg16/In-Memory-Computing-Project_1116/Project/lvs_corr_file". Redefinition to nil is ignored.
si: simSetDef().... createXref is initialized to "nil".
si: simSetDef().... disableLikeMatch is initialized to "nil".
si: simSetDef().... disableRewire is initialized to "nil".
si: simSetDef().... useFileCorrespondence is initialized to "nil".
si: simSetDef().... useLastBinaryXrefTable is initialized to "nil".
si: simSetDef().... useTerminalCorrespondence is already set to t. Redefinition
to nil is ignored.
si: simSetDef().... lvsRulesFilePath is already set to "divaLVS.rul".
Redefinition to "" is ignored.
si: simSetDef().... lvsRulesLibName is already set to "NCSU_TechLib_tsmc02d".
Redefinition to "" is ignored.
si: simSetDef().... lvsRulesFromLib is already set to t. Redefinition to nil is
ignored.
si: simSetDef().... simInstViewListTable is initialized to "nil".
si: simSetDef().... simInstStopListTable is initialized to "nil".
si: simSetDef().... applyDeviceFixing is initialized to "nil".
si: simSetDef().... lvsNetlistLayout is already set to t. Redefinition to nil is
ignored.
si: simSetDef().... lvsNetlistSchematic is already set to t. Redefinition to nil
is ignored.
si: simSetDef().... correspondenceFile is already set to
"/home/ecegrid/a/559mg16/In-Memory-Computing-Project_1116/Project/lvs_corr_file". Redefinition to nil is ignored.
si: simSetDef().... createXref is initialized to "nil".
si: simSetDef().... disableLikeMatch is initialized to "nil".
si: simSetDef().... disableRewire is initialized to "nil".
si: simSetDef().... useFileCorrespondence is initialized to "nil".
si: simSetDef().... useLastBinaryXrefTable is initialized to "nil".
si: simSetDef().... useTerminalCorrespondence is already set to t. Redefinition
to nil is ignored.
si: simSetDef().... lvsRulesFilePath is already set to "divaLVS.rul".
Redefinition to "" is ignored.
si: simSetDef().... lvsRulesLibName is already set to "NCSU_TechLib_tsmc02d".
Redefinition to "" is ignored.
si: simSetDef().... lvsRulesFromLib is already set to t. Redefinition to nil is
ignored.
si: simSetDef().... simInstViewListTable is initialized to "nil".
si: simSetDef().... simInstStopListTable is initialized to "nil".
si: simSetDef().... applyDeviceFixing is initialized to "nil".
si: simSetDef().... lvsNetlistLayout is already set to t. Redefinition to nil is
ignored.
si: simSetDef().... lvsNetlistSchematic is already set to t. Redefinition to nil
is ignored.
si: simSetDef().... correspondenceFile is already set to
"/home/ecegrid/a/559mg16/In-Memory-Computing-Project_1116/Project/lvs_corr_file". Redefinition to nil is ignored.
si: simSetDef().... createXref is initialized to "nil".
si: simSetDef().... disableLikeMatch is initialized to "nil".
si: simSetDef().... disableRewire is initialized to "nil".
si: simSetDef().... useFileCorrespondence is initialized to "nil".
si: simSetDef().... useLastBinaryXrefTable is initialized to "nil".
si: simSetDef().... useTerminalCorrespondence is already set to t. Redefinition
to nil is ignored.
si: simSetDef().... lvsRulesFilePath is already set to "divaLVS.rul".
Redefinition to "" is ignored.
si: simSetDef().... lvsRulesLibName is already set to "NCSU_TechLib_tsmc02d".
Redefinition to "" is ignored.
si: simSetDef().... lvsRulesFromLib is already set to t. Redefinition to nil is
ignored.
si: simSetDef().... simInstViewListTable is initialized to "nil".
si: simSetDef().... simInstStopListTable is initialized to "nil".
si: simSetDef().... applyDeviceFixing is initialized to "nil".
si: simSetDef().... lvsNetlistLayout is already set to t. Redefinition to nil is
ignored.
si: simSetDef().... lvsNetlistSchematic is already set to t. Redefinition to nil
is ignored.
si: simSetDef().... correspondenceFile is already set to
"/home/ecegrid/a/559mg16/In-Memory-Computing-Project_1116/Project/lvs_corr_file". Redefinition to nil is ignored.
si: simSetDef().... createXref is initialized to "nil".
si: simSetDef().... disableLikeMatch is initialized to "nil".
si: simSetDef().... disableRewire is initialized to "nil".
si: simSetDef().... useFileCorrespondence is initialized to "nil".
si: simSetDef().... useLastBinaryXrefTable is initialized to "nil".
si: simSetDef().... useTerminalCorrespondence is already set to t. Redefinition
to nil is ignored.
si: simSetDef().... lvsRulesFilePath is already set to "divaLVS.rul".
Redefinition to "" is ignored.
si: simSetDef().... lvsRulesLibName is already set to "NCSU_TechLib_tsmc02d".
Redefinition to "" is ignored.
si: simSetDef().... lvsRulesFromLib is already set to t. Redefinition to nil is
ignored.
si: simSetDef().... simInstViewListTable is initialized to "nil".
si: simSetDef().... simInstStopListTable is initialized to "nil".
si: simSetDef().... applyDeviceFixing is initialized to "nil".
si: simSetDef().... lvsNetlistLayout is already set to t. Redefinition to nil is
ignored.
si: simSetDef().... lvsNetlistSchematic is already set to t. Redefinition to nil
is ignored.
si: simSetDef().... correspondenceFile is already set to
"/home/ecegrid/a/559mg16/In-Memory-Computing-Project_1116/Project/lvs_corr_file". Redefinition to nil is ignored.
si: simSetDef().... createXref is initialized to "nil".
si: simSetDef().... disableLikeMatch is initialized to "nil".
si: simSetDef().... disableRewire is initialized to "nil".
si: simSetDef().... useFileCorrespondence is initialized to "nil".
si: simSetDef().... useLastBinaryXrefTable is initialized to "nil".
si: simSetDef().... useTerminalCorrespondence is already set to t. Redefinition
to nil is ignored.
si: simSetDef().... lvsRulesFilePath is already set to "divaLVS.rul".
Redefinition to "" is ignored.
si: simSetDef().... lvsRulesLibName is already set to "NCSU_TechLib_tsmc02d".
Redefinition to "" is ignored.
si: simSetDef().... lvsRulesFromLib is already set to t. Redefinition to nil is
ignored.
si: simSetDef().... simInstViewListTable is initialized to "nil".
si: simSetDef().... simInstStopListTable is initialized to "nil".
si: simSetDef().... applyDeviceFixing is initialized to "nil".
si: simSetDef().... lvsNetlistLayout is already set to t. Redefinition to nil is
ignored.
si: simSetDef().... lvsNetlistSchematic is already set to t. Redefinition to nil
is ignored.
si: simSetDef().... correspondenceFile is already set to
"/home/ecegrid/a/559mg16/In-Memory-Computing-Project_1116/Project/lvs_corr_file". Redefinition to nil is ignored.
si: simSetDef().... createXref is initialized to "nil".
si: simSetDef().... disableLikeMatch is initialized to "nil".
si: simSetDef().... disableRewire is initialized to "nil".
si: simSetDef().... useFileCorrespondence is initialized to "nil".
si: simSetDef().... useLastBinaryXrefTable is initialized to "nil".
si: simSetDef().... useTerminalCorrespondence is already set to t. Redefinition
to nil is ignored.
si: simSetDef().... lvsRulesFilePath is already set to "divaLVS.rul".
Redefinition to "" is ignored.
si: simSetDef().... lvsRulesLibName is already set to "NCSU_TechLib_tsmc02d".
Redefinition to "" is ignored.
si: simSetDef().... lvsRulesFromLib is already set to t. Redefinition to nil is
ignored.
