Virtuoso Framework License (111) was checked out successfully. Total checkout time was 0.05s.

Running simulation in directory: "/home/ecegrid/a/559mg16/In-Memory-Computing-Project_1116/Project/LVS".

INFO (TECH-150003): The technology database "NCSU_TechLib_tsmc02d" has been automatically
updated from revision 226610(DM 0) to revision 227612(DM 3) in virtual memory.


Begin netlist:    Nov 17 17:47:50 2021
	view name list	= ("auLvs" "extracted" "schematic")
	stop name list	= ("auLvs")
	library name	= "Project"
	cell name	= "sram_array_layout_best"
	view name	= "extracted"
	globals lib	= "basic"
Running Artist Flat Netlisting ...
Loading hnlInit.cxt 
*WARNING* Parameter 'lxUseCell' already exists.
End netlist:    Nov 17 17:47:50 2021

Moving original netlist to extNetlist
Removing parasitic components from netlist
	presistors removed:  0
	pcapacitors removed: 0
	pinductors removed:  0
	pdiodes removed:     0
	trans lines removed: 0
	117 nodes merged into 117 nodes


Begin netlist:    Nov 17 17:47:51 2021
	view name list	= ("auLvs" "schematic")
	stop name list	= ("auLvs")
	library name	= "Project"
	cell name	= "sram_array"
	view name	= "schematic"
	globals lib	= "basic"
Running Artist Flat Netlisting ...
End netlist:    Nov 17 17:47:52 2021

Moving original netlist to extNetlist
Removing parasitic components from netlist
	presistors removed:  0
	pcapacitors removed: 0
	pinductors removed:  0
	pdiodes removed:     0
	trans lines removed: 0
	210 nodes merged into 210 nodes

Running netlist comparison program:  LVS
Begin comparison:    Nov 17 17:47:52 2021
@(#)$CDS: LVS version 6.1.8-64b 06/29/2021 19:05 (sjfhw316) $

The net-lists failed to match.

                             layout  schematic
                                instances
        un-matched              2       18     
        rewired                 0       0      
        size errors             0       0      
        pruned                  0       0      
        active                  128     144    
        total                   128     144    

                                  nets
        un-matched              19      2      
        merged                  0       0      
        pruned                  0       0      
        active                  117     100    
        total                   117     100    

                                terminals
        un-matched              2       2      
        matched but
        different type          50      50     
        total                   52      52     
End comparison:      Nov 17 17:47:53 2021


Comparison program completed successfully.
