\# Program start time:     UTC 2021.11.17 22:44:33.466
\# Local time: EST (UTC-05:00) 2021.11.17 17:44:33.466
\o Program:		@(#)$CDS: virtuoso version 6.1.8-64b 06/29/2021 19:20 (sjfhw316) $
\o Hierarchy:		/package/eda/cadence/IC618/tools.lnx86/dfII/
\o Sub version:		sub-version  IC6.1.8-64b.500.19  (64-bit addresses)
\# Command line:	/package/eda/cadence/IC618/tools.lnx86/dfII/bin/64bit/virtuoso -beanhost ecegrid-thin2.ecn.purdue.edu -beanport 11300 -beanbinlog  -mpssession virtuoso10035 -mpshost ecegrid-thin2.ecn.purdue.edu -davinciService DaVinciService_10035_1637189065 -axlSession fnxSession0 -axlServiceIdFlag 1 -uuid e1fd8aa3-7bbc-48b4-8776-766704e26201 -heartbeat /dev/shm/swift-heartbeat.fS7GA5NJmz -log /home/ecegrid/a/559mg16/In-Memory-Computing-Project_1116/Project/logs_559mg16/logs0/Service1.log -noautostart -nographE -lscs 000175E1894CBE06FF0966E38F1FFC06BC4D38BF8C2ACA06DB7C71ED8E51982BCE2435B8CD59CA28867866E3BF1FFC06BC4D66E38F1FFC06BC4D07760AD279CBDDD800001E8E -interactive -offlineExprEval -fenixMode explorer -heartbeatTimeout  -lingerTimeout 300
\# Host name (type):	ecegrid-thin2.ecn.purdue.edu (x86_64)
\# Operating system:	Linux 3.10.0-1160.42.2.el7.x86_64 #1 SMP Tue Sep 7 14:49:57 UTC 2021
\# Linux /etc/issue:	\S
\# Linux /etc/issue:	Kernel \r on an \m
\# X display name (WxH):	:1716 (1024x868)
\# Available geometry:			TL(0:0) BR(1023:867)
\# X server:			The X.Org Foundation
\# Depth of Visual (Root):	24 (24)
\# Number of Planes Used:	24
\# X version:		11.0 (vendor release 12004000)
\# X resource pool:	base 0x400000, mask 0x1fffff (2097151), shift 0
\# 			current id 0x0, current max 0x1ffffa (2097146)
\# Max data seg size:	     unlimited
\# Max process size:	     unlimited
\# Initial sbrk value:	        578 MB
\# Available memory:	     41,102 MB
\# System memory:	     80,251 MB
\# Maximum memory size:	     79,951 MB
\# Max mem available:	     41,380 MB
\# Initial memory used:	        278 MB
\#        process size:	      1,721 MB
\# Thread usage limits (effective/default):	maxthreads 4096/4096 maxload 24.00/24.00
\# Qt version:		5.9.1
\# Window Manager:	other
\# User Name:		559mg16
\o Working Directory:	ecegrid-thin2.ecn.purdue.edu:/home/ecegrid/a/559mg16/In-Memory-Computing-Project_1116/Project
\# Process Id:		6702
\o 
\o COPYRIGHT (C) 1992-2021  CADENCE DESIGN SYSTEMS INC.  ALL RIGHTS RESERVED.
\o           (C) 1992-2021  UNIX SYSTEMS Laboratories INC.,
\o                          Reproduced with permission.
\o 
\o This Cadence Design Systems program and online documentation are
\o proprietary/confidential information and may be disclosed/used only
\o as authorized in a license agreement controlling such use and disclosure.
\o 
\o           RESTRICTED RIGHTS NOTICE (SHORT FORM)
\o Use/reproduction/disclosure is subject to restriction
\o set forth at FAR 1252.227-19 or its equivalent.
\o Loading geView.cxt 
\o Loading menuBuilder.cxt 
\o Loading schView.cxt 
\o Loading selectSv.cxt 
\o Loading wireEdit.cxt 
\o Loading pte2.cxt 
\o Loading xlUI.cxt 
\o Loading auCore.cxt 
\o Loading vhdl.cxt 
\o Loading seismic.cxt 
\o Loading ci.cxt 
\o Loading ams.cxt 
\o Loading oasis.cxt 
\o Loading analog.cxt 
\o Loading asimenv.cxt 
\o Loading dal.cxt 
\o Loading awv.cxt 
\o Loading socket.cxt 
\o Loading par.cxt 
\o Loading alvs.cxt 
\o Loading caa.cxt 
\o Loading amps.cxt 
\o Loading adexlCore.cxt 
\# Memory report: using         381 MB, process size 1,942 MB at UTC 2021.11.17 22:44:42.270
\o Loading adexl.cxt 
\o *Info*    Exporting services from client ... 
\o 
\o Loading adexlDM.cxt 
\o Loading cpf.cxt 
\o Loading cli.cxt 
\o Loading lp.cxt 
\o INFO (ELI-00302) Connecting to parent process (session=virtuoso10035, host=ecegrid-thin2.ecn.purdue.edu). Connection mode is LSCS. Total timeout is 180 seconds. Connection timeout is 90 seconds.
\o INFO (ELI-00303) Step 1: Connecting to parent. Time spent is 0 seconds.
\o INFO (ELI-00304) The registration of the child 6702 within 90 seconds is being processed...
\o INFO (ELI-00305) The result of registration is true. Time spent is 0 seconds.
\o INFO (ELI-00308) The connection has ended. Result is true. Total time spent is 6 seconds.
\# [17:44:39.161762] Configured Lic search path (20.02-p002): 1720@marina.ecn.purdue.edu:1718@marina.ecn.purdue.edu
\o Loading NCSU CDK 1.5.1 customizations...
\o loading vars from /package/eda/cells/ncsu-cdk-1.6.0.beta/cdssetup/cdsenv for tool adle
\o loading vars from /package/eda/cells/ncsu-cdk-1.6.0.beta/cdssetup/cdsenv for tool asimenv
\o loading vars from /package/eda/cells/ncsu-cdk-1.6.0.beta/cdssetup/cdsenv for tool ddserv
\o loading vars from /package/eda/cells/ncsu-cdk-1.6.0.beta/cdssetup/cdsenv for tool layout
\o loading vars from /package/eda/cells/ncsu-cdk-1.6.0.beta/cdssetup/cdsenv for tool schematic
\o loading vars from /package/eda/cells/ncsu-cdk-1.6.0.beta/cdssetup/cdsenv for tool ui
\o loading vars from ~/.cdsenv for tool adle
\o loading vars from ~/.cdsenv for tool asimenv
\o loading vars from ~/.cdsenv for tool ddserv
\o loading vars from ~/.cdsenv for tool layout
\o loading vars from ~/.cdsenv for tool schematic
\o loading vars from ~/.cdsenv for tool ui
\o 
\o Loading vdsil.cxt 
\o *Info*    Received signal SIGTERM.
\o 
\o 
\o Loading simui.cxt 
\# Lic Summary:
\# [17:44:45.190962] Cdslmd servers:1720@marina.ecn.purdue.edu:1718@marina.ecn.purdue.edu
\# [17:44:45.191002] Feature usage summary:
\# Memory report: on exit            427 MB, process size 1,995 MB at UTC 2021.11.17 22:44:45.715
\# Memory report: peak usage         427 MB, process size 1,995 MB
